0 info it worked if it ends with ok
1 verbose cli [ '/home/nestor/.nvm/versions/node/v4.2.2/bin/node',
1 verbose cli   '/home/nestor/.nvm/versions/node/v4.2.2/bin/npm',
1 verbose cli   'start' ]
2 info using npm@2.14.7
3 info using node@v4.2.2
4 verbose config Skipping project config: /home/nestor/.npmrc. (matches userconfig)
5 verbose stack Error: ENOENT: no such file or directory, open '/home/nestor/package.json'
5 verbose stack     at Error (native)
6 verbose cwd /home/nestor/Escritorio/my-instagram
7 error Linux 4.4.0-24-generic
8 error argv "/home/nestor/.nvm/versions/node/v4.2.2/bin/node" "/home/nestor/.nvm/versions/node/v4.2.2/bin/npm" "start"
9 error node v4.2.2
10 error npm  v2.14.7
11 error path /home/nestor/package.json
12 error code ENOENT
13 error errno -2
14 error syscall open
15 error enoent ENOENT: no such file or directory, open '/home/nestor/package.json'
15 error enoent This is most likely not a problem with npm itself
15 error enoent and is related to npm not being able to find a file.
16 verbose exit [ -2, true ]
